TN:
SF:src/modules/accounts/useCases/AuthenticateUser/AuthenticateUserController.ts
FN:7,handle
FNF:1
FNH:1
FNDA:2,handle
DA:1,1
DA:2,1
DA:3,1
DA:4,1
DA:5,1
DA:6,1
DA:7,1
DA:8,2
DA:9,2
DA:10,2
DA:11,2
DA:12,2
DA:13,2
DA:14,2
DA:15,2
DA:16,2
DA:17,2
DA:18,2
DA:19,1
DA:20,1
DA:21,1
LF:21
LH:21
BRDA:7,0,0,2
BRF:1
BRH:1
end_of_record
TN:
SF:src/modules/accounts/useCases/AuthenticateUser/AuthenticateUserUseCase.ts
FN:28,AuthenticateUserUseCase
FN:37,execute
FNF:2
FNH:2
FNDA:2,AuthenticateUserUseCase
FNDA:2,execute
DA:1,1
DA:2,1
DA:3,1
DA:4,1
DA:5,1
DA:6,1
DA:7,1
DA:8,1
DA:9,1
DA:10,1
DA:11,1
DA:12,1
DA:13,1
DA:14,1
DA:15,1
DA:16,1
DA:17,1
DA:18,1
DA:19,1
DA:20,1
DA:21,1
DA:22,1
DA:23,1
DA:24,1
DA:25,1
DA:26,1
DA:27,1
DA:28,1
DA:29,2
DA:30,2
DA:31,2
DA:32,2
DA:33,2
DA:34,2
DA:35,2
DA:36,1
DA:37,1
DA:38,2
DA:39,2
DA:40,2
DA:41,2
DA:42,2
DA:43,2
DA:44,0
DA:45,0
DA:46,2
DA:47,2
DA:48,2
DA:49,2
DA:50,0
DA:51,0
DA:52,2
DA:53,2
DA:54,2
DA:55,2
DA:56,2
DA:57,2
DA:58,2
DA:59,2
DA:60,2
DA:61,2
DA:62,2
DA:63,2
DA:64,2
DA:65,2
DA:66,2
DA:67,2
DA:68,2
DA:69,2
DA:70,2
DA:71,2
DA:72,2
DA:73,2
DA:74,2
DA:75,2
DA:76,2
DA:77,2
DA:78,2
DA:79,2
DA:80,2
DA:81,2
DA:82,1
DA:83,1
DA:84,1
LF:84
LH:80
BRDA:28,0,0,2
BRDA:37,1,0,2
BRDA:43,2,0,0
BRDA:49,3,0,0
BRF:4
BRH:2
end_of_record
TN:
SF:src/modules/accounts/useCases/CreateUser/CreateUserController.ts
FN:7,handle
FNF:1
FNH:0
FNDA:0,handle
DA:1,1
DA:2,1
DA:3,1
DA:4,1
DA:5,1
DA:6,1
DA:7,1
DA:8,0
DA:9,0
DA:10,0
DA:11,0
DA:12,0
DA:13,0
DA:14,0
DA:15,0
DA:16,0
DA:17,0
DA:18,0
DA:19,0
DA:20,0
DA:21,1
DA:22,1
DA:23,1
LF:23
LH:10
BRF:0
BRH:0
end_of_record
TN:
SF:src/modules/accounts/useCases/CreateUser/CreateUserUseCase.ts
FN:11,CreateUserUseCase
FN:16,execute
FNF:2
FNH:2
FNDA:3,CreateUserUseCase
FNDA:2,execute
DA:1,1
DA:2,1
DA:3,1
DA:4,1
DA:5,1
DA:6,1
DA:7,1
DA:8,1
DA:9,1
DA:10,1
DA:11,1
DA:12,3
DA:13,3
DA:14,3
DA:15,1
DA:16,1
DA:17,2
DA:18,2
DA:19,2
DA:20,2
DA:21,2
DA:22,0
DA:23,0
DA:24,2
DA:25,2
DA:26,2
DA:27,2
DA:28,2
DA:29,2
DA:30,2
DA:31,2
DA:32,2
DA:33,2
DA:34,1
DA:35,1
DA:36,1
LF:36
LH:34
BRDA:11,0,0,3
BRDA:16,1,0,2
BRDA:21,2,0,0
BRF:3
BRH:2
end_of_record
TN:
SF:src/modules/accounts/useCases/RefreshToken/RefreshTokenController.ts
FN:7,handle
FNF:1
FNH:0
FNDA:0,handle
DA:1,1
DA:2,1
DA:3,1
DA:4,1
DA:5,1
DA:6,1
DA:7,1
DA:8,0
DA:9,0
DA:10,0
DA:11,0
DA:12,0
DA:13,0
DA:14,0
DA:15,0
DA:16,1
DA:17,1
DA:18,1
LF:18
LH:10
BRF:0
BRH:0
end_of_record
TN:
SF:src/modules/accounts/useCases/RefreshToken/RefreshTokenUseCase.ts
FN:17,RefreshTokenUseCase
FN:24,execute
FNF:2
FNH:0
FNDA:0,RefreshTokenUseCase
FNDA:0,execute
DA:1,1
DA:2,1
DA:3,1
DA:4,1
DA:5,1
DA:6,1
DA:7,1
DA:8,1
DA:9,1
DA:10,1
DA:11,1
DA:12,1
DA:13,1
DA:14,1
DA:15,1
DA:16,1
DA:17,1
DA:18,0
DA:19,0
DA:20,0
DA:21,0
DA:22,0
DA:23,1
DA:24,1
DA:25,0
DA:26,0
DA:27,0
DA:28,0
DA:29,0
DA:30,0
DA:31,0
DA:32,0
DA:33,0
DA:34,0
DA:35,0
DA:36,0
DA:37,0
DA:38,0
DA:39,0
DA:40,0
DA:41,0
DA:42,0
DA:43,0
DA:44,0
DA:45,0
DA:46,0
DA:47,0
DA:48,0
DA:49,0
DA:50,0
DA:51,0
DA:52,0
DA:53,0
DA:54,0
DA:55,0
DA:56,1
DA:57,1
DA:58,1
LF:58
LH:22
BRF:0
BRH:0
end_of_record
TN:
SF:src/modules/accounts/useCases/ReserPassword/ReserPasswordUserController.ts
FN:7,handle
FNF:1
FNH:0
FNDA:0,handle
DA:1,1
DA:2,1
DA:3,1
DA:4,1
DA:5,1
DA:6,1
DA:7,1
DA:8,0
DA:9,0
DA:10,0
DA:11,0
DA:12,0
DA:13,0
DA:14,0
DA:15,0
DA:16,0
DA:17,1
DA:18,1
DA:19,1
LF:19
LH:10
BRF:0
BRH:0
end_of_record
TN:
SF:src/modules/accounts/useCases/ReserPassword/ReserPasswordUserUseCase.ts
FN:17,ReserPasswordUserUseCase
FN:26,execute
FNF:2
FNH:0
FNDA:0,ReserPasswordUserUseCase
FNDA:0,execute
DA:1,1
DA:2,1
DA:3,1
DA:4,1
DA:5,1
DA:6,1
DA:7,1
DA:8,1
DA:9,1
DA:10,1
DA:11,1
DA:12,1
DA:13,1
DA:14,1
DA:15,1
DA:16,1
DA:17,1
DA:18,0
DA:19,0
DA:20,0
DA:21,0
DA:22,0
DA:23,0
DA:24,0
DA:25,1
DA:26,1
DA:27,0
DA:28,0
DA:29,0
DA:30,0
DA:31,0
DA:32,0
DA:33,0
DA:34,0
DA:35,0
DA:36,0
DA:37,0
DA:38,0
DA:39,0
DA:40,0
DA:41,0
DA:42,0
DA:43,0
DA:44,0
DA:45,0
DA:46,0
DA:47,1
DA:48,1
DA:49,1
LF:49
LH:22
BRF:0
BRH:0
end_of_record
TN:
SF:src/modules/accounts/useCases/SendForgotPasswordMail/SendForgotPasswordMailController.ts
FN:8,handle
FNF:1
FNH:0
FNDA:0,handle
DA:1,1
DA:2,1
DA:3,1
DA:4,1
DA:5,1
DA:6,1
DA:7,1
DA:8,1
DA:9,0
DA:10,0
DA:11,0
DA:12,0
DA:13,0
DA:14,0
DA:15,0
DA:16,0
DA:17,1
DA:18,1
DA:19,1
LF:19
LH:11
BRF:0
BRH:0
end_of_record
TN:
SF:src/modules/accounts/useCases/SendForgotPasswordMail/SendForgotPasswordMailUseCase.ts
FN:14,SendForgotPasswordMailUseCase
FN:25,execute
FNF:2
FNH:2
FNDA:3,SendForgotPasswordMailUseCase
FNDA:3,execute
DA:1,1
DA:2,1
DA:3,1
DA:4,1
DA:5,1
DA:6,1
DA:7,1
DA:8,1
DA:9,1
DA:10,1
DA:11,1
DA:12,1
DA:13,1
DA:14,1
DA:15,3
DA:16,3
DA:17,3
DA:18,3
DA:19,3
DA:20,3
DA:21,3
DA:22,3
DA:23,3
DA:24,1
DA:25,1
DA:26,3
DA:27,3
DA:28,3
DA:29,3
DA:30,3
DA:31,3
DA:32,3
DA:33,1
DA:34,1
DA:35,2
DA:36,2
DA:37,2
DA:38,2
DA:39,2
DA:40,2
DA:41,2
DA:42,2
DA:43,2
DA:44,2
DA:45,2
DA:46,2
DA:47,2
DA:48,2
DA:49,2
DA:50,2
DA:51,2
DA:52,2
DA:53,2
DA:54,2
DA:55,2
DA:56,2
DA:57,2
DA:58,1
DA:59,1
DA:60,1
LF:60
LH:60
BRDA:14,0,0,3
BRDA:25,1,0,3
BRDA:32,2,0,1
BRDA:35,3,0,2
BRF:4
BRH:4
end_of_record
TN:
SF:src/modules/accounts/useCases/UpdateUserAvatar/UpdateUserAvatarController.ts
FN:7,handle
FNF:1
FNH:0
FNDA:0,handle
DA:1,1
DA:2,1
DA:3,1
DA:4,1
DA:5,1
DA:6,1
DA:7,1
DA:8,0
DA:9,0
DA:10,0
DA:11,0
DA:12,0
DA:13,0
DA:14,0
DA:15,0
DA:16,0
DA:17,0
DA:18,0
DA:19,0
DA:20,1
DA:21,1
DA:22,1
LF:22
LH:10
BRF:0
BRH:0
end_of_record
TN:
SF:src/modules/accounts/useCases/UpdateUserAvatar/UpdateUserAvatarUseCase.ts
FN:14,UpdateUserAvatarUseCase
FN:19,execute
FNF:2
FNH:0
FNDA:0,UpdateUserAvatarUseCase
FNDA:0,execute
DA:1,1
DA:2,1
DA:3,1
DA:4,1
DA:5,1
DA:6,1
DA:7,1
DA:8,1
DA:9,1
DA:10,1
DA:11,1
DA:12,1
DA:13,1
DA:14,1
DA:15,0
DA:16,0
DA:17,0
DA:18,1
DA:19,1
DA:20,0
DA:21,0
DA:22,0
DA:23,0
DA:24,0
DA:25,0
DA:26,0
DA:27,0
DA:28,0
DA:29,0
DA:30,0
DA:31,0
DA:32,1
DA:33,1
DA:34,1
LF:34
LH:19
BRF:0
BRH:0
end_of_record
TN:
SF:src/modules/cars/useCases/CreateCar/CreateCarController.ts
FN:7,handle
FNF:1
FNH:0
FNDA:0,handle
DA:1,1
DA:2,1
DA:3,1
DA:4,1
DA:5,1
DA:6,1
DA:7,1
DA:8,0
DA:9,0
DA:10,0
DA:11,0
DA:12,0
DA:13,0
DA:14,0
DA:15,0
DA:16,0
DA:17,0
DA:18,0
DA:19,0
DA:20,0
DA:21,0
DA:22,0
DA:23,0
DA:24,1
DA:25,1
DA:26,1
LF:26
LH:10
BRF:0
BRH:0
end_of_record
TN:
SF:src/modules/cars/useCases/CreateCar/CreateCarUseCase.ts
FN:11,CreateCarUseCase
FN:16,execute
FNF:2
FNH:2
FNDA:3,CreateCarUseCase
FNDA:4,execute
DA:1,1
DA:2,1
DA:3,1
DA:4,1
DA:5,1
DA:6,1
DA:7,1
DA:8,1
DA:9,1
DA:10,1
DA:11,1
DA:12,3
DA:13,3
DA:14,3
DA:15,1
DA:16,1
DA:17,4
DA:18,4
DA:19,4
DA:20,4
DA:21,4
DA:22,1
DA:23,1
DA:24,3
DA:25,3
DA:26,3
DA:27,3
DA:28,3
DA:29,3
DA:30,3
DA:31,3
DA:32,3
DA:33,3
DA:34,3
DA:35,3
DA:36,3
DA:37,1
DA:38,1
DA:39,1
LF:39
LH:39
BRDA:11,0,0,3
BRDA:16,1,0,4
BRDA:21,2,0,1
BRDA:24,3,0,3
BRF:4
BRH:4
end_of_record
TN:
SF:src/modules/cars/useCases/CreateCarSpecification/CreateCarSpecificationController.ts
FN:7,handle
FNF:1
FNH:0
FNDA:0,handle
DA:1,1
DA:2,1
DA:3,1
DA:4,1
DA:5,1
DA:6,1
DA:7,1
DA:8,0
DA:9,0
DA:10,0
DA:11,0
DA:12,0
DA:13,0
DA:14,0
DA:15,0
DA:16,0
DA:17,0
DA:18,0
DA:19,0
DA:20,1
DA:21,1
DA:22,1
LF:22
LH:10
BRF:0
BRH:0
end_of_record
TN:
SF:src/modules/cars/useCases/CreateCarSpecification/CreateCarSpecificationUseCase.ts
FN:16,CreateCarSpecificationUseCase
FN:23,execute
FNF:2
FNH:2
FNDA:1,CreateCarSpecificationUseCase
FNDA:2,execute
DA:1,1
DA:2,1
DA:3,1
DA:4,1
DA:5,1
DA:6,1
DA:7,1
DA:8,1
DA:9,1
DA:10,1
DA:11,1
DA:12,1
DA:13,1
DA:14,1
DA:15,1
DA:16,1
DA:17,1
DA:18,1
DA:19,1
DA:20,1
DA:21,1
DA:22,1
DA:23,1
DA:24,2
DA:25,2
DA:26,2
DA:27,2
DA:28,2
DA:29,1
DA:30,1
DA:31,1
DA:32,1
DA:33,1
DA:34,1
DA:35,1
DA:36,1
DA:37,1
DA:38,1
DA:39,1
DA:40,1
DA:41,1
DA:42,1
LF:42
LH:42
BRDA:16,0,0,1
BRDA:23,1,0,2
BRDA:28,2,0,1
BRF:3
BRH:3
end_of_record
TN:
SF:src/modules/cars/useCases/CreateSpecification/CreateSpecificationController.ts
FN:7,handle
FNF:1
FNH:0
FNDA:0,handle
DA:1,1
DA:2,1
DA:3,1
DA:4,1
DA:5,1
DA:6,1
DA:7,1
DA:8,0
DA:9,0
DA:10,0
DA:11,0
DA:12,0
DA:13,0
DA:14,0
DA:15,0
DA:16,1
DA:17,1
DA:18,1
LF:18
LH:10
BRF:0
BRH:0
end_of_record
TN:
SF:src/modules/cars/useCases/CreateSpecification/CreateSpecificationUseCase.ts
FN:14,CreateSpecificationUseCase
FN:18,execute
FNF:2
FNH:0
FNDA:0,CreateSpecificationUseCase
FNDA:0,execute
DA:1,1
DA:2,1
DA:3,1
DA:4,1
DA:5,1
DA:6,1
DA:7,1
DA:8,1
DA:9,1
DA:10,1
DA:11,1
DA:12,1
DA:13,1
DA:14,1
DA:15,0
DA:16,0
DA:17,1
DA:18,1
DA:19,0
DA:20,0
DA:21,0
DA:22,0
DA:23,0
DA:24,0
DA:25,0
DA:26,0
DA:27,0
DA:28,0
DA:29,0
DA:30,0
DA:31,0
DA:32,1
DA:33,1
DA:34,1
LF:34
LH:19
BRF:0
BRH:0
end_of_record
TN:
SF:src/modules/cars/useCases/ImportCategory/ImportCategoryController.ts
FN:7,handle
FNF:1
FNH:0
FNDA:0,handle
DA:1,1
DA:2,1
DA:3,1
DA:4,1
DA:5,1
DA:6,1
DA:7,1
DA:8,0
DA:9,0
DA:10,0
DA:11,0
DA:12,0
DA:13,0
DA:14,0
DA:15,0
DA:16,1
DA:17,1
DA:18,1
LF:18
LH:10
BRF:0
BRH:0
end_of_record
TN:
SF:src/modules/cars/useCases/ImportCategory/ImportCategoryUseCase.ts
FN:15,ImportCategoryUseCase
FN:19,loadCategories
FN:48,execute
FNF:3
FNH:0
FNDA:0,ImportCategoryUseCase
FNDA:0,loadCategories
FNDA:0,execute
DA:1,1
DA:2,1
DA:3,1
DA:4,1
DA:5,1
DA:6,1
DA:7,1
DA:8,1
DA:9,1
DA:10,1
DA:11,1
DA:12,1
DA:13,1
DA:14,1
DA:15,1
DA:16,0
DA:17,0
DA:18,1
DA:19,1
DA:20,0
DA:21,0
DA:22,0
DA:23,0
DA:24,0
DA:25,0
DA:26,0
DA:27,0
DA:28,0
DA:29,0
DA:30,0
DA:31,0
DA:32,0
DA:33,0
DA:34,0
DA:35,0
DA:36,0
DA:37,0
DA:38,0
DA:39,0
DA:40,0
DA:41,0
DA:42,0
DA:43,0
DA:44,0
DA:45,0
DA:46,0
DA:47,1
DA:48,1
DA:49,0
DA:50,0
DA:51,0
DA:52,0
DA:53,0
DA:54,0
DA:55,0
DA:56,0
DA:57,0
DA:58,0
DA:59,0
DA:60,0
DA:61,0
DA:62,0
DA:63,0
DA:64,0
DA:65,0
DA:66,1
DA:67,1
DA:68,1
LF:68
LH:22
BRF:0
BRH:0
end_of_record
TN:
SF:src/modules/cars/useCases/ListAvailableCar/ListAvailableCarsController.ts
FN:7,handle
FNF:1
FNH:0
FNDA:0,handle
DA:1,1
DA:2,1
DA:3,1
DA:4,1
DA:5,1
DA:6,1
DA:7,1
DA:8,0
DA:9,0
DA:10,0
DA:11,0
DA:12,0
DA:13,0
DA:14,0
DA:15,0
DA:16,0
DA:17,0
DA:18,0
DA:19,0
DA:20,1
DA:21,1
DA:22,1
LF:22
LH:10
BRF:0
BRH:0
end_of_record
TN:
SF:src/modules/cars/useCases/ListAvailableCar/ListAvailableCarsUseCase.ts
FN:15,ListAvailableCarsUseCase
FN:20,execute
FNF:2
FNH:2
FNDA:4,ListAvailableCarsUseCase
FNDA:4,execute
DA:1,1
DA:2,1
DA:3,1
DA:4,1
DA:5,1
DA:6,1
DA:7,1
DA:8,1
DA:9,1
DA:10,1
DA:11,1
DA:12,1
DA:13,1
DA:14,1
DA:15,1
DA:16,4
DA:17,4
DA:18,4
DA:19,1
DA:20,1
DA:21,4
DA:22,4
DA:23,4
DA:24,4
DA:25,4
DA:26,4
DA:27,4
DA:28,4
DA:29,4
DA:30,4
DA:31,1
DA:32,1
DA:33,1
LF:33
LH:33
BRDA:15,0,0,4
BRDA:20,1,0,4
BRF:2
BRH:2
end_of_record
TN:
SF:src/modules/cars/useCases/UploadCarImage/UploadCarImagesController.ts
FN:11,handle
FNF:1
FNH:0
FNDA:0,handle
DA:1,1
DA:2,1
DA:3,1
DA:4,1
DA:5,1
DA:6,1
DA:7,1
DA:8,1
DA:9,1
DA:10,1
DA:11,1
DA:12,0
DA:13,0
DA:14,0
DA:15,0
DA:16,0
DA:17,0
DA:18,0
DA:19,0
DA:20,0
DA:21,0
DA:22,0
DA:23,0
DA:24,0
DA:25,0
DA:26,1
DA:27,1
DA:28,1
LF:28
LH:14
BRF:0
BRH:0
end_of_record
TN:
SF:src/modules/cars/useCases/UploadCarImage/UploadCarImagesUseCase.ts
FN:13,UploadCarImagesUseCase
FN:18,execute
FNF:2
FNH:0
FNDA:0,UploadCarImagesUseCase
FNDA:0,execute
DA:1,1
DA:2,1
DA:3,1
DA:4,1
DA:5,1
DA:6,1
DA:7,1
DA:8,1
DA:9,1
DA:10,1
DA:11,1
DA:12,1
DA:13,1
DA:14,0
DA:15,0
DA:16,0
DA:17,1
DA:18,1
DA:19,0
DA:20,0
DA:21,0
DA:22,0
DA:23,0
DA:24,0
DA:25,1
DA:26,1
DA:27,1
LF:27
LH:18
BRF:0
BRH:0
end_of_record
TN:
SF:src/modules/cars/useCases/createCategory/CreateCategoryController.ts
FN:7,handle
FNF:1
FNH:1
FNDA:2,handle
DA:1,1
DA:2,1
DA:3,1
DA:4,1
DA:5,1
DA:6,1
DA:7,1
DA:8,2
DA:9,2
DA:10,2
DA:11,2
DA:12,2
DA:13,1
DA:14,1
DA:15,1
DA:16,1
DA:17,1
DA:18,1
LF:18
LH:18
BRDA:7,0,0,2
BRDA:13,1,0,1
BRF:2
BRH:2
end_of_record
TN:
SF:src/modules/cars/useCases/createCategory/CreateCategoryUseCase.ts
FN:14,CreateCategoryUseCase
FN:18,execute
FNF:2
FNH:2
FNDA:2,CreateCategoryUseCase
FNDA:2,execute
DA:1,1
DA:2,1
DA:3,1
DA:4,1
DA:5,1
DA:6,1
DA:7,1
DA:8,1
DA:9,1
DA:10,1
DA:11,1
DA:12,1
DA:13,1
DA:14,1
DA:15,2
DA:16,2
DA:17,1
DA:18,1
DA:19,2
DA:20,2
DA:21,2
DA:22,2
DA:23,2
DA:24,1
DA:25,1
DA:26,1
DA:27,1
DA:28,1
DA:29,1
DA:30,1
DA:31,1
DA:32,1
DA:33,1
DA:34,1
LF:34
LH:34
BRDA:14,0,0,2
BRDA:18,1,0,2
BRDA:23,2,0,1
BRF:3
BRH:3
end_of_record
TN:
SF:src/modules/cars/useCases/listCategories/ListCategoriesController.ts
FN:7,handle
FNF:1
FNH:1
FNDA:1,handle
DA:1,1
DA:2,1
DA:3,1
DA:4,1
DA:5,1
DA:6,1
DA:7,1
DA:8,1
DA:9,1
DA:10,1
DA:11,1
DA:12,1
DA:13,1
DA:14,1
DA:15,1
DA:16,1
LF:16
LH:16
BRDA:7,0,0,1
BRF:1
BRH:1
end_of_record
TN:
SF:src/modules/cars/useCases/listCategories/ListCategoriesUseCase.ts
FN:9,ListCategoriesUseCase
FN:13,execute
FNF:2
FNH:2
FNDA:1,ListCategoriesUseCase
FNDA:1,execute
DA:1,1
DA:2,1
DA:3,1
DA:4,1
DA:5,1
DA:6,1
DA:7,1
DA:8,1
DA:9,1
DA:10,1
DA:11,1
DA:12,1
DA:13,1
DA:14,1
DA:15,1
DA:16,1
DA:17,1
DA:18,1
DA:19,1
DA:20,1
DA:21,1
DA:22,1
LF:22
LH:22
BRDA:9,0,0,1
BRDA:13,1,0,1
BRF:2
BRH:2
end_of_record
TN:
SF:src/modules/rentals/useCases/CreateRental/CreateRentalController.ts
FN:7,handle
FNF:1
FNH:0
FNDA:0,handle
DA:1,1
DA:2,1
DA:3,1
DA:4,1
DA:5,1
DA:6,1
DA:7,1
DA:8,0
DA:9,0
DA:10,0
DA:11,0
DA:12,0
DA:13,0
DA:14,0
DA:15,0
DA:16,0
DA:17,0
DA:18,0
DA:19,0
DA:20,0
DA:21,1
DA:22,1
DA:23,1
LF:23
LH:10
BRF:0
BRH:0
end_of_record
TN:
SF:src/modules/rentals/useCases/CreateRental/CreateRentalUseCase.ts
FN:18,CreateRentalUseCase
FN:26,execute
FNF:2
FNH:2
FNDA:1,CreateRentalUseCase
FNDA:4,execute
DA:1,1
DA:2,1
DA:3,1
DA:4,1
DA:5,1
DA:6,1
DA:7,1
DA:8,1
DA:9,1
DA:10,1
DA:11,1
DA:12,1
DA:13,1
DA:14,1
DA:15,1
DA:16,1
DA:17,1
DA:18,1
DA:19,1
DA:20,1
DA:21,1
DA:22,1
DA:23,1
DA:24,1
DA:25,1
DA:26,1
DA:27,4
DA:28,4
DA:29,4
DA:30,4
DA:31,4
DA:32,4
DA:33,1
DA:34,1
DA:35,3
DA:36,3
DA:37,3
DA:38,4
DA:39,1
DA:40,1
DA:41,2
DA:42,2
DA:43,2
DA:44,2
DA:45,2
DA:46,4
DA:47,1
DA:48,1
DA:49,1
DA:50,1
DA:51,1
DA:52,1
DA:53,1
DA:54,1
DA:55,1
DA:56,1
DA:57,1
DA:58,1
DA:59,1
DA:60,1
DA:61,1
DA:62,1
LF:62
LH:62
BRDA:18,0,0,1
BRDA:26,1,0,4
BRDA:32,2,0,1
BRDA:35,3,0,3
BRDA:38,4,0,1
BRDA:41,5,0,2
BRDA:46,6,0,1
BRF:7
BRH:7
end_of_record
TN:
SF:src/modules/rentals/useCases/DevolutionRental/DevolutionRentalController.ts
FN:7,handle
FNF:1
FNH:0
FNDA:0,handle
DA:1,1
DA:2,1
DA:3,1
DA:4,1
DA:5,1
DA:6,1
DA:7,1
DA:8,0
DA:9,0
DA:10,0
DA:11,0
DA:12,0
DA:13,0
DA:14,0
DA:15,0
DA:16,0
DA:17,0
DA:18,0
DA:19,0
DA:20,1
DA:21,1
DA:22,1
LF:22
LH:10
BRF:0
BRH:0
end_of_record
TN:
SF:src/modules/rentals/useCases/DevolutionRental/DevolutionRentalUseCase.ts
FN:17,DevolutionRentalUseCase
FN:26,execute
FNF:2
FNH:0
FNDA:0,DevolutionRentalUseCase
FNDA:0,execute
DA:1,1
DA:2,1
DA:3,1
DA:4,1
DA:5,1
DA:6,1
DA:7,1
DA:8,1
DA:9,1
DA:10,1
DA:11,1
DA:12,1
DA:13,1
DA:14,1
DA:15,1
DA:16,1
DA:17,1
DA:18,0
DA:19,0
DA:20,0
DA:21,0
DA:22,0
DA:23,0
DA:24,0
DA:25,1
DA:26,1
DA:27,0
DA:28,0
DA:29,0
DA:30,0
DA:31,0
DA:32,0
DA:33,0
DA:34,0
DA:35,0
DA:36,0
DA:37,0
DA:38,0
DA:39,0
DA:40,0
DA:41,0
DA:42,0
DA:43,0
DA:44,0
DA:45,0
DA:46,0
DA:47,0
DA:48,0
DA:49,0
DA:50,0
DA:51,0
DA:52,0
DA:53,0
DA:54,0
DA:55,0
DA:56,0
DA:57,0
DA:58,0
DA:59,0
DA:60,0
DA:61,0
DA:62,0
DA:63,0
DA:64,0
DA:65,0
DA:66,0
DA:67,0
DA:68,1
DA:69,1
DA:70,1
LF:70
LH:22
BRF:0
BRH:0
end_of_record
TN:
SF:src/modules/rentals/useCases/ListRentalsByUser/ListRentalsByUserController.ts
FN:7,handle
FNF:1
FNH:0
FNDA:0,handle
DA:1,1
DA:2,1
DA:3,1
DA:4,1
DA:5,1
DA:6,1
DA:7,1
DA:8,0
DA:9,0
DA:10,0
DA:11,0
DA:12,0
DA:13,0
DA:14,0
DA:15,0
DA:16,1
DA:17,1
DA:18,1
LF:18
LH:10
BRF:0
BRH:0
end_of_record
TN:
SF:src/modules/rentals/useCases/ListRentalsByUser/ListRentalsByUserUseCase.ts
FN:9,ListRentalsByUserUseCase
FN:14,execute
FNF:2
FNH:0
FNDA:0,ListRentalsByUserUseCase
FNDA:0,execute
DA:1,1
DA:2,1
DA:3,1
DA:4,1
DA:5,1
DA:6,1
DA:7,1
DA:8,1
DA:9,1
DA:10,0
DA:11,0
DA:12,0
DA:13,1
DA:14,1
DA:15,0
DA:16,0
DA:17,0
DA:18,0
DA:19,0
DA:20,0
DA:21,1
DA:22,1
DA:23,1
LF:23
LH:14
BRF:0
BRH:0
end_of_record
